# JRE version: Java(TM) SE Runtime Environment (7.0_51-b13) (build 1.7.0_51-b13)
# Java VM: Java HotSpot(TM) Server VM (24.51-b03 mixed mode linux-x86 )
Heap
 PSYoungGen      total 235008K, used 3641K [0x93500000, 0xa68c0000, 0xb3500000)
  eden space 154880K, 0% used [0x93500000,0x93500000,0x9cc40000)
  from space 80128K, 4% used [0x9cc40000,0x9cfce668,0xa1a80000)
  to   space 78848K, 0% used [0xa1bc0000,0xa1bc0000,0xa68c0000)
 ParOldGen       total 349696K, used 268431K [0x53500000, 0x68a80000, 0x93500000)
  object space 349696K, 76% used [0x53500000,0x63b23e70,0x68a80000)
 PSPermGen       total 70656K, used 70514K [0x3b500000, 0x3fa00000, 0x53500000)
  object space 70656K, 99% used [0x3b500000,0x3f9dcbf0,0x3fa00000)
GC Heap History (10 events):
Event: 1093.196 GC heap after
Heap after GC invocations=12 (full 0):
 PSYoungGen      total 181760K, used 18641K [0x93500000, 0xa7140000, 0xb3500000)
  eden space 94976K, 0% used [0x93500000,0x93500000,0x991c0000)
  from space 86784K, 21% used [0x9e600000,0x9f834770,0xa3ac0000)
  to   space 86272K, 0% used [0x991c0000,0x991c0000,0x9e600000)
 ParOldGen       total 349696K, used 154812K [0x53500000, 0x68a80000, 0x93500000)
  object space 349696K, 44% used [0x53500000,0x5cc2f2e0,0x68a80000)
 PSPermGen       total 69376K, used 69142K [0x3b500000, 0x3f8c0000, 0x53500000)
  object space 69376K, 99% used [0x3b500000,0x3f885ae0,0x3f8c0000)
}
Event: 1189.918 GC heap before
{Heap before GC invocations=13 (full 0):
 PSYoungGen      total 181760K, used 113617K [0x93500000, 0xa7140000, 0xb3500000)
  eden space 94976K, 100% used [0x93500000,0x991c0000,0x991c0000)
  from space 86784K, 21% used [0x9e600000,0x9f834770,0xa3ac0000)
  to   space 86272K, 0% used [0x991c0000,0x991c0000,0x9e600000)
 ParOldGen       total 349696K, used 154812K [0x53500000, 0x68a80000, 0x93500000)
  object space 349696K, 44% used [0x53500000,0x5cc2f2e0,0x68a80000)
 PSPermGen       total 69376K, used 69351K [0x3b500000, 0x3f8c0000, 0x53500000)
  object space 69376K, 99% used [0x3b500000,0x3f8b9f58,0x3f8c0000)
Event: 1189.955 GC heap after
Heap after GC invocations=13 (full 0):
 PSYoungGen      total 113920K, used 20554K [0x93500000, 0xa3580000, 0xb3500000)
  eden space 93184K, 0% used [0x93500000,0x93500000,0x99000000)
  from space 20736K, 99% used [0x991c0000,0x9a5d2bc8,0x9a600000)
  to   space 84736K, 0% used [0x9e2c0000,0x9e2c0000,0xa3580000)
 ParOldGen       total 349696K, used 170649K [0x53500000, 0x68a80000, 0x93500000)
  object space 349696K, 48% used [0x53500000,0x5dba6570,0x68a80000)
 PSPermGen       total 69376K, used 69351K [0x3b500000, 0x3f8c0000, 0x53500000)
  object space 69376K, 99% used [0x3b500000,0x3f8b9f58,0x3f8c0000)
}
Event: 1191.175 GC heap before
{Heap before GC invocations=14 (full 0):
 PSYoungGen      total 113920K, used 113738K [0x93500000, 0xa3580000, 0xb3500000)
  eden space 93184K, 100% used [0x93500000,0x99000000,0x99000000)
  from space 20736K, 99% used [0x991c0000,0x9a5d2bc8,0x9a600000)
  to   space 84736K, 0% used [0x9e2c0000,0x9e2c0000,0xa3580000)
 ParOldGen       total 349696K, used 170649K [0x53500000, 0x68a80000, 0x93500000)
  object space 349696K, 48% used [0x53500000,0x5dba6570,0x68a80000)
 PSPermGen       total 69632K, used 69564K [0x3b500000, 0x3f900000, 0x53500000)
  object space 69632K, 99% used [0x3b500000,0x3f8ef2b8,0x3f900000)
Event: 1191.224 GC heap after
Heap after GC invocations=14 (full 0):
 PSYoungGen      total 181504K, used 30918K [0x93500000, 0xa6540000, 0xb3500000)
  eden space 96768K, 0% used [0x93500000,0x93500000,0x99380000)
  from space 84736K, 36% used [0x9e2c0000,0xa00f19e8,0xa3580000)
  to   space 81152K, 0% used [0x99380000,0x99380000,0x9e2c0000)
 ParOldGen       total 349696K, used 190132K [0x53500000, 0x68a80000, 0x93500000)
  object space 349696K, 54% used [0x53500000,0x5eead1b8,0x68a80000)
 PSPermGen       total 69632K, used 69564K [0x3b500000, 0x3f900000, 0x53500000)
  object space 69632K, 99% used [0x3b500000,0x3f8ef2b8,0x3f900000)
}
Event: 1282.274 GC heap before
{Heap before GC invocations=15 (full 0):
 PSYoungGen      total 181504K, used 127686K [0x93500000, 0xa6540000, 0xb3500000)
  eden space 96768K, 100% used [0x93500000,0x99380000,0x99380000)
  from space 84736K, 36% used [0x9e2c0000,0xa00f19e8,0xa3580000)
  to   space 81152K, 0% used [0x99380000,0x99380000,0x9e2c0000)
 ParOldGen       total 349696K, used 190132K [0x53500000, 0x68a80000, 0x93500000)
  object space 349696K, 54% used [0x53500000,0x5eead1b8,0x68a80000)
 PSPermGen       total 70144K, used 69984K [0x3b500000, 0x3f980000, 0x53500000)
  object space 70144K, 99% used [0x3b500000,0x3f9581d0,0x3f980000)
Event: 1282.313 GC heap after
Heap after GC invocations=15 (full 0):
 PSYoungGen      total 177920K, used 8872K [0x93500000, 0xa6b40000, 0xb3500000)
  eden space 96768K, 0% used [0x93500000,0x93500000,0x99380000)
  from space 81152K, 10% used [0x99380000,0x99c2a1e0,0x9e2c0000)
  to   space 81408K, 0% used [0xa1bc0000,0xa1bc0000,0xa6b40000)
 ParOldGen       total 349696K, used 218642K [0x53500000, 0x68a80000, 0x93500000)
  object space 349696K, 62% used [0x53500000,0x60a84a70,0x68a80000)
 PSPermGen       total 70144K, used 69984K [0x3b500000, 0x3f980000, 0x53500000)
  object space 70144K, 99% used [0x3b500000,0x3f9581d0,0x3f980000)
}
Event: 1283.277 GC heap before
{Heap before GC invocations=16 (full 0):
 PSYoungGen      total 177920K, used 105640K [0x93500000, 0xa6b40000, 0xb3500000)
  eden space 96768K, 100% used [0x93500000,0x99380000,0x99380000)
  from space 81152K, 10% used [0x99380000,0x99c2a1e0,0x9e2c0000)
  to   space 81408K, 0% used [0xa1bc0000,0xa1bc0000,0xa6b40000)
 ParOldGen       total 349696K, used 218642K [0x53500000, 0x68a80000, 0x93500000)
  object space 349696K, 62% used [0x53500000,0x60a84a70,0x68a80000)
 PSPermGen       total 70400K, used 70173K [0x3b500000, 0x3f9c0000, 0x53500000)
  object space 70400K, 99% used [0x3b500000,0x3f9876a8,0x3f9c0000)
Event: 1283.329 GC heap after
Heap after GC invocations=16 (full 0):
 PSYoungGen      total 233728K, used 43162K [0x93500000, 0xa68c0000, 0xb3500000)
  eden space 154880K, 0% used [0x93500000,0x93500000,0x9cc40000)
  from space 78848K, 54% used [0xa1bc0000,0xa45e68a8,0xa68c0000)
  to   space 80128K, 0% used [0x9cc40000,0x9cc40000,0xa1a80000)
 ParOldGen       total 349696K, used 226816K [0x53500000, 0x68a80000, 0x93500000)
  object space 349696K, 64% used [0x53500000,0x612802c0,0x68a80000)
 PSPermGen       total 70400K, used 70173K [0x3b500000, 0x3f9c0000, 0x53500000)
  object space 70400K, 99% used [0x3b500000,0x3f9876a8,0x3f9c0000)
}
Event: 1367.183 GC heap before
{Heap before GC invocations=17 (full 0):
 PSYoungGen      total 233728K, used 198042K [0x93500000, 0xa68c0000, 0xb3500000)
  eden space 154880K, 100% used [0x93500000,0x9cc40000,0x9cc40000)
  from space 78848K, 54% used [0xa1bc0000,0xa45e68a8,0xa68c0000)
  to   space 80128K, 0% used [0x9cc40000,0x9cc40000,0xa1a80000)
 ParOldGen       total 349696K, used 226816K [0x53500000, 0x68a80000, 0x93500000)
  object space 349696K, 64% used [0x53500000,0x612802c0,0x68a80000)
 PSPermGen       total 70656K, used 70514K [0x3b500000, 0x3fa00000, 0x53500000)
  object space 70656K, 99% used [0x3b500000,0x3f9dcbf0,0x3fa00000)

